########### array before sorts ###########
0	36.195000	73.660000	7.620000	34.925000	n
1	7.620000	34.925000	18.415000	42.545000	n
2	18.415000	42.545000	3.810000	19.685000	n
3	3.810000	19.685000	12.700000	26.670000	n
4	12.700000	26.670000	12.065000	25.400000	n
5	12.065000	25.400000	1.270000	5.715000	n
6	1.270000	5.715000	27.940000	5.715000	n
7	27.940000	5.715000	27.940000	0.635000	n
8	27.940000	0.635000	38.100000	0.635000	n
9	38.100000	0.635000	38.100000	5.715000	n
10	38.100000	5.715000	65.405000	5.715000	n
11	65.405000	5.715000	57.785000	26.670000	n
12	57.785000	26.670000	64.135000	22.225000	n
13	64.135000	22.225000	52.070000	41.910000	n
14	52.070000	41.910000	62.865000	34.925000	n
15	62.865000	34.925000	36.195000	73.660000	n
Tolerance=0.050000.
*Exact match for i=0 and j=1.
*i point 36.195000	73.660000	7.620000	34.925000	y
*Exact match for i=1 and j=2.
*i point 7.620000	34.925000	18.415000	42.545000	y
*Exact match for i=2 and j=3.
*i point 18.415000	42.545000	3.810000	19.685000	y
*Exact match for i=3 and j=4.
*i point 3.810000	19.685000	12.700000	26.670000	y
*Exact match for i=4 and j=5.
*i point 12.700000	26.670000	12.065000	25.400000	y
*Exact match for i=5 and j=6.
*i point 12.065000	25.400000	1.270000	5.715000	y
*Exact match for i=6 and j=7.
*i point 1.270000	5.715000	27.940000	5.715000	y
*Exact match for i=7 and j=8.
*i point 27.940000	5.715000	27.940000	0.635000	y
*Exact match for i=8 and j=9.
*i point 27.940000	0.635000	38.100000	0.635000	y
*Exact match for i=9 and j=10.
*i point 38.100000	0.635000	38.100000	5.715000	y
*Exact match for i=10 and j=11.
*i point 38.100000	5.715000	65.405000	5.715000	y
*Exact match for i=11 and j=12.
*i point 65.405000	5.715000	57.785000	26.670000	y
*Exact match for i=12 and j=13.
*i point 57.785000	26.670000	64.135000	22.225000	y
*Exact match for i=13 and j=14.
*i point 64.135000	22.225000	52.070000	41.910000	y
*Exact match for i=14 and j=15.
*i point 52.070000	41.910000	62.865000	34.925000	y
########### array after sorts ###########
0	36.195000	73.660000	7.620000	34.925000	y
1	7.620000	34.925000	18.415000	42.545000	y
2	18.415000	42.545000	3.810000	19.685000	y
3	3.810000	19.685000	12.700000	26.670000	y
4	12.700000	26.670000	12.065000	25.400000	y
5	12.065000	25.400000	1.270000	5.715000	y
6	1.270000	5.715000	27.940000	5.715000	y
7	27.940000	5.715000	27.940000	0.635000	y
8	27.940000	0.635000	38.100000	0.635000	y
9	38.100000	0.635000	38.100000	5.715000	y
10	38.100000	5.715000	65.405000	5.715000	y
11	65.405000	5.715000	57.785000	26.670000	y
12	57.785000	26.670000	64.135000	22.225000	y
13	64.135000	22.225000	52.070000	41.910000	y
14	52.070000	41.910000	62.865000	34.925000	y
15	62.865000	34.925000	36.195000	73.660000	y
***************
.BOARD_OUTLINE UNOWNED
1.6
0     36.195000     73.660000     0
0     7.620000     34.925000     0
0     18.415000     42.545000     0
0     3.810000     19.685000     0
0     12.700000     26.670000     0
0     12.065000     25.400000     0
0     1.270000     5.715000     0
0     27.940000     5.715000     0
0     27.940000     0.635000     0
0     38.100000     0.635000     0
0     38.100000     5.715000     0
0     65.405000     5.715000     0
0     57.785000     26.670000     0
0     64.135000     22.225000     0
0     52.070000     41.910000     0
0     62.865000     34.925000     0
0     36.195000     73.660000     0
